time="2023-09-16T20:15:42+03:00" level=info msg="server is listening port 8080" func="main.main()" file="app.go:29"
time="2023-09-16T20:15:42+03:00" level=fatal msg="listen tcp: address 8080: missing port in address" func="main.main()" file="app.go:31"
time="2023-09-17T08:14:20+03:00" level=info msg="server is listening port 8080" func="main.main()" file="app.go:29"
time="2023-09-17T08:14:20+03:00" level=fatal msg="listen tcp: address 8080: missing port in address" func="main.main()" file="app.go:31"
time="2023-09-17T08:16:26+03:00" level=info msg="server is listening port :8080" func="main.main()" file="app.go:29"
time="2023-09-17T08:17:45+03:00" level=info msg="server is listening port :8080" func="main.main()" file="app.go:29"
[36mINFO[0m[2023-09-17T08:20:32+03:00]app.go:29 main.main() server is listening port :8080               
[37mDEBU[0m[2023-09-17T08:20:32+03:00]app.go:30 main.main() server is listening port :8080               
[37mTRAC[0m[2023-09-17T08:20:32+03:00]app.go:31 main.main() server is listening port :8080               
[31mERRO[0m[2023-09-17T08:20:32+03:00]app.go:32 main.main() server is listening port :8080               
[31mFATA[0m[2023-09-17T08:20:32+03:00]app.go:33 main.main() server is listening port :8080               
[36mINFO[0m[2023-09-17T08:21:02+03:00]app.go:29 main.main() server is listening port :8080               
[37mDEBU[0m[2023-09-17T08:21:02+03:00]app.go:30 main.main() server is listening port :8080               
[37mTRAC[0m[2023-09-17T08:21:02+03:00]app.go:31 main.main() server is listening port :8080               
[31mERRO[0m[2023-09-17T08:21:02+03:00]app.go:32 main.main() server is listening port :8080               
[31mFATA[0m[2023-09-17T08:21:02+03:00]app.go:33 main.main() server is listening port :8080               
[36mINFO[0m[2023-09-17T08:21:12+03:00]app.go:29 main.main() server is listening port :8080               
[37mDEBU[0m[2023-09-17T08:21:12+03:00]app.go:30 main.main() server is listening port :8080               
[37mTRAC[0m[2023-09-17T08:21:12+03:00]app.go:31 main.main() server is listening port :8080               
[31mERRO[0m[2023-09-17T08:21:12+03:00]app.go:32 main.main() server is listening port :8080               
[31mFATA[0m[2023-09-17T08:21:12+03:00]app.go:33 main.main() server is listening port :8080               
[36mINFO[0m[2023-09-17T08:21:46+03:00]app.go:29 main.main() server is listening port :8080               
[37mDEBU[0m[2023-09-17T08:21:46+03:00]app.go:30 main.main() server is listening port :8080               
[37mTRAC[0m[2023-09-17T08:21:46+03:00]app.go:31 main.main() server is listening port :8080               
[31mERRO[0m[2023-09-17T08:21:46+03:00]app.go:32 main.main() server is listening port :8080               
[31mFATA[0m[2023-09-17T08:21:46+03:00]app.go:33 main.main() server is listening port :8080               
[36mINFO[0m[2023-09-17T08:28:07+03:00]app.go:29 main.main() server is listening port :8080               
[37mDEBU[0m[2023-09-17T08:28:07+03:00]app.go:30 main.main() server is listening port :8080               
[37mTRAC[0m[2023-09-17T08:28:07+03:00]app.go:31 main.main() server is listening port :8080               
[33mWARN[0m[2023-09-17T08:28:07+03:00]app.go:32 main.main() server is listening port :8080               
[31mERRO[0m[2023-09-17T08:28:07+03:00]app.go:33 main.main() server is listening port :8080               
[31mFATA[0m[2023-09-17T08:28:07+03:00]app.go:34 main.main() server is listening port :8080               
